Log file open, 01/05/19 16:19:33
LogWindows: Failed to load 'aqProf.dll' (GetLastError=126)
LogWindows: File 'aqProf.dll' does not exist
LogWindows: Failed to load 'VtuneApi.dll' (GetLastError=126)
LogWindows: File 'VtuneApi.dll' does not exist
LogWindows: Failed to load 'VtuneApi32e.dll' (GetLastError=126)
LogWindows: File 'VtuneApi32e.dll' does not exist
LogConsoleResponse: Display: Failed to find resolution value strings in scalability ini. Falling back to default.
LogInit: Display: Running engine for game: beltbrothers
LogPakFile: Registered encryption key '00000000000000000000000000000000': 0 pak files mounted, 0 remain pending
LogPlatformFile: Not using cached read wrapper
LogTaskGraph: Started task graph with 5 named threads and 35 total threads with 3 sets of task threads.
LogStats: Stats thread started at 0.406884
LogD3D11RHI: Loaded GFSDK_Aftermath_Lib.x64.dll
LogICUInternationalization: ICU TimeZone Detection - Raw Offset: -5:00, Platform Override: ''
LogPluginManager: Mounting plugin Paper2D
LogPluginManager: Mounting plugin AISupport
LogPluginManager: Mounting plugin LightPropagationVolume
LogPluginManager: Mounting plugin ActorLayerUtilities
LogPluginManager: Mounting plugin CLionSourceCodeAccess
LogPluginManager: Mounting plugin CodeLiteSourceCodeAccess
LogPluginManager: Mounting plugin GitSourceControl
LogPluginManager: Mounting plugin KDevelopSourceCodeAccess
LogPluginManager: Mounting plugin NullSourceCodeAccess
LogPluginManager: Mounting plugin PerforceSourceControl
LogPluginManager: Mounting plugin SubversionSourceControl
LogPluginManager: Mounting plugin UObjectPlugin
LogPluginManager: Mounting plugin VisualStudioCodeSourceCodeAccess
LogPluginManager: Mounting plugin VisualStudioSourceCodeAccess
LogPluginManager: Mounting plugin XCodeSourceCodeAccess
LogPluginManager: Mounting plugin AssetManagerEditor
LogPluginManager: Mounting plugin CryptoKeys
LogPluginManager: Mounting plugin DataValidation
LogPluginManager: Mounting plugin FacialAnimation
LogPluginManager: Mounting plugin GameplayTagsEditor
LogPluginManager: Mounting plugin MacGraphicsSwitching
LogPluginManager: Mounting plugin MeshEditor
LogPluginManager: Mounting plugin MobileLauncherProfileWizard
LogPluginManager: Mounting plugin PluginBrowser
LogPluginManager: Mounting plugin SpeedTreeImporter
LogPluginManager: Mounting plugin DatasmithContent
LogPluginManager: Mounting plugin VariantManagerContent
LogPluginManager: Mounting plugin AlembicImporter
LogPluginManager: Mounting plugin AppleImageUtils
LogPluginManager: Mounting plugin AppleVision
LogPluginManager: Mounting plugin BackChannel
LogPluginManager: Mounting plugin CharacterAI
LogPluginManager: Mounting plugin GeometryCache
LogPluginManager: Mounting plugin HTML5Networking
LogPluginManager: Mounting plugin ProxyLODPlugin
LogPluginManager: Mounting plugin MagicLeap
LogPluginManager: Mounting plugin MagicLeapMedia
LogPluginManager: Mounting plugin AndroidMedia
LogPluginManager: Mounting plugin AvfMedia
LogPluginManager: Mounting plugin ImgMedia
LogPluginManager: Mounting plugin LinearTimecode
LogPluginManager: Mounting plugin MediaCompositing
LogPluginManager: Mounting plugin MediaPlayerEditor
LogPluginManager: Mounting plugin WebMMedia
LogPluginManager: Mounting plugin WmfMedia
LogPluginManager: Mounting plugin TcpMessaging
LogPluginManager: Mounting plugin UdpMessaging
LogPluginManager: Mounting plugin ActorSequence
LogPluginManager: Mounting plugin LevelSequenceEditor
LogPluginManager: Mounting plugin MatineeToLevelSequence
LogPluginManager: Mounting plugin NetcodeUnitTest
LogPluginManager: Mounting plugin NUTUnrealEngine4
LogPluginManager: Mounting plugin OnlineSubsystemGooglePlay
LogPluginManager: Mounting plugin OnlineSubsystemIOS
LogPluginManager: Mounting plugin OnlineSubsystem
LogPluginManager: Mounting plugin OnlineSubsystemNull
LogPluginManager: Mounting plugin OnlineSubsystemUtils
LogPluginManager: Mounting plugin LauncherChunkInstaller
LogPluginManager: Mounting plugin AndroidDeviceProfileSelector
LogPluginManager: Mounting plugin AndroidMoviePlayer
LogPluginManager: Mounting plugin AndroidPermission
LogPluginManager: Mounting plugin AppleMoviePlayer
LogPluginManager: Mounting plugin ArchVisCharacter
LogPluginManager: Mounting plugin AudioCapture
LogPluginManager: Mounting plugin CableComponent
LogPluginManager: Mounting plugin CustomMeshComponent
LogPluginManager: Mounting plugin EditableMesh
LogPluginManager: Mounting plugin ExampleDeviceProfileSelector
LogPluginManager: Mounting plugin Firebase
LogPluginManager: Mounting plugin GoogleCloudMessaging
LogPluginManager: Mounting plugin IOSDeviceProfileSelector
LogPluginManager: Mounting plugin LinuxDeviceProfileSelector
LogPluginManager: Mounting plugin LocationServicesBPLibrary
LogPluginManager: Mounting plugin MobilePatchingUtils
LogPluginManager: Mounting plugin OculusVR
LogPluginManager: Mounting plugin PhysXVehicles
LogPluginManager: Mounting plugin ProceduralMeshComponent
LogPluginManager: Mounting plugin RuntimePhysXCooking
LogPluginManager: Mounting plugin SteamVR
LogPluginManager: Mounting plugin WebMMoviePlayer
LogPluginManager: Mounting plugin WindowsMoviePlayer
LogStreaming: Display: Took  0.083s to configure plugins.
LogInit: Using libcurl 7.55.1-DEV
LogInit:  - built for x86_64-pc-win32
LogInit:  - supports SSL with OpenSSL/1.0.2h
LogInit:  - supports HTTP deflate (compression) using libz 1.2.8
LogInit:  - other features:
LogInit:      CURL_VERSION_SSL
LogInit:      CURL_VERSION_LIBZ
LogInit:      CURL_VERSION_IPV6
LogInit:      CURL_VERSION_ASYNCHDNS
LogInit:      CURL_VERSION_LARGEFILE
LogInit:      CURL_VERSION_IDN
LogInit:  CurlRequestOptions (configurable via config and command line):
LogInit:  - bVerifyPeer = true  - Libcurl will verify peer certificate
LogInit:  - bUseHttpProxy = false  - Libcurl will NOT use HTTP proxy
LogInit:  - bDontReuseConnections = false  - Libcurl will reuse connections
LogInit:  - MaxHostConnections = 16  - Libcurl will limit the number of connections to a host
LogInit:  - LocalHostAddr = Default
LogInit:  - BufferSize = 65536
LogInit: WinSock: version 1.1 (2.2), MaxSocks=32767, MaxUdp=65467
LogInit: Build: ++UE4+Release-4.21-CL-4613538
LogInit: Engine Version: 4.21.1-4613538+++UE4+Release-4.21
LogInit: Compatible Engine Version: 4.21.0-4541578+++UE4+Release-4.21
LogInit: Net CL: 4541578
LogInit: OS: Windows 10 (), CPU: AMD Ryzen 5 1600X Six-Core Processor           , GPU: NVIDIA GeForce GTX 1070
LogInit: Compiled (64-bit): Nov 30 2018 04:13:25
LogInit: Compiled with Visual C++: 19.13.26129.00
LogInit: Build Configuration: Development
LogInit: Branch Name: ++UE4+Release-4.21
LogInit: Command Line: 
LogInit: Base Directory: C:/Program Files/Epic Games/UE_4.21/Engine/Binaries/Win64/
LogInit: Installed Engine Build: 1
LogDevObjectVersion: Number of dev versions registered: 22
LogDevObjectVersion:   Dev-Blueprints (B0D832E4-1F89-4F0D-ACCF-7EB736FD4AA2): 10
LogDevObjectVersion:   Dev-Build (E1C64328-A22C-4D53-A36C-8E866417BD8C): 0
LogDevObjectVersion:   Dev-Core (375EC13C-06E4-48FB-B500-84F0262A717E): 2
LogDevObjectVersion:   Dev-Editor (E4B068ED-F494-42E9-A231-DA0B2E46BB41): 26
LogDevObjectVersion:   Dev-Framework (CFFC743F-43B0-4480-9391-14DF171D2073): 34
LogDevObjectVersion:   Dev-Mobile (B02B49B5-BB20-44E9-A304-32B752E40360): 2
LogDevObjectVersion:   Dev-Networking (A4E4105C-59A1-49B5-A7C5-40C4547EDFEE): 0
LogDevObjectVersion:   Dev-Online (39C831C9-5AE6-47DC-9A44-9C173E1C8E7C): 0
LogDevObjectVersion:   Dev-Physics (78F01B33-EBEA-4F98-B9B4-84EACCB95AA2): 0
LogDevObjectVersion:   Dev-Platform (6631380F-2D4D-43E0-8009-CF276956A95A): 0
LogDevObjectVersion:   Dev-Rendering (12F88B9F-8875-4AFC-A67C-D90C383ABD29): 27
LogDevObjectVersion:   Dev-Sequencer (7B5AE74C-D270-4C10-A958-57980B212A5A): 9
LogDevObjectVersion:   Dev-VR (D7296918-1DD6-4BDD-9DE2-64A83CC13884): 2
LogDevObjectVersion:   Dev-LoadTimes (C2A15278-BFE7-4AFE-6C17-90FF531DF755): 1
LogDevObjectVersion:   Private-Geometry (6EACA3D4-40EC-4CC1-B786-8BED09428FC5): 3
LogDevObjectVersion:   Dev-AnimPhys (29E575DD-E0A3-4627-9D10-D276232CDCEA): 17
LogDevObjectVersion:   Dev-Anim (AF43A65D-7FD3-4947-9873-3E8ED9C1BB05): 2
LogDevObjectVersion:   Dev-ReflectionCapture (6B266CEC-1EC7-4B8F-A30B-E4D90942FC07): 1
LogDevObjectVersion:   Dev-Automation (0DF73D61-A23F-47EA-B727-89E90C41499A): 1
LogDevObjectVersion:   FortniteMain (601D1886-AC64-4F84-AA16-D3DE0DEAC7D6): 17
LogDevObjectVersion:   Dev-Enterprise (9DFFBCD6-494F-0158-E221-12823C92A888): 4
LogDevObjectVersion:   Dev-Niagara (F2AED0AC-9AFE-416F-8664-AA7FFA26D6FC): 1
LogStreaming: Display: Took  0.000s to delete old logs.
LogInit: Presizing for max 8388607 objects, including 0 objects not considered by GC, pre-allocating 0 bytes for permanent pool.
LogInit: Object subsystem initialized
LogConfig: Setting CVar [[con.DebugEarlyDefault:1]]
LogConfig: Setting CVar [[r.setres:1280x720]]
[2019.01.05-21.19.33:270][  0]LogConfig: Setting CVar [[r.VSync:0]]
[2019.01.05-21.19.33:270][  0]LogConfig: Setting CVar [[r.RHICmdBypass:0]]
[2019.01.05-21.19.33:270][  0]LogConfig: Applying CVar settings from Section [/Script/Engine.RendererSettings] File [C:/Users/Chris Yarbrough/Documents/Unreal Projects/beltbrothers/Saved/Config/Windows/Engine.ini]
[2019.01.05-21.19.33:270][  0]LogConfig: Setting CVar [[r.GPUCrashDebugging:0]]
[2019.01.05-21.19.33:270][  0]LogConfig: Setting CVar [[r.MobileHDR:1]]
[2019.01.05-21.19.33:270][  0]LogConfig: Setting CVar [[r.Mobile.DisableVertexFog:1]]
[2019.01.05-21.19.33:270][  0]LogConfig: Setting CVar [[r.Shadow.CSM.MaxMobileCascades:2]]
[2019.01.05-21.19.33:270][  0]LogConfig: Setting CVar [[r.MobileMSAA:1]]
[2019.01.05-21.19.33:270][  0]LogConfig: Setting CVar [[r.Mobile.UseLegacyShadingModel:0]]
[2019.01.05-21.19.33:270][  0]LogConfig: Setting CVar [[r.Mobile.AllowDitheredLODTransition:0]]
[2019.01.05-21.19.33:270][  0]LogConfig: Setting CVar [[r.Mobile.AllowSoftwareOcclusion:0]]
[2019.01.05-21.19.33:270][  0]LogConfig: Setting CVar [[r.DiscardUnusedQuality:0]]
[2019.01.05-21.19.33:270][  0]LogConfig: Setting CVar [[r.AllowOcclusionQueries:1]]
[2019.01.05-21.19.33:270][  0]LogConfig: Setting CVar [[r.MinScreenRadiusForLights:0.030000]]
[2019.01.05-21.19.33:270][  0]LogConfig: Setting CVar [[r.MinScreenRadiusForDepthPrepass:0.030000]]
[2019.01.05-21.19.33:270][  0]LogConfig: Setting CVar [[r.MinScreenRadiusForCSMDepth:0.010000]]
[2019.01.05-21.19.33:270][  0]LogConfig: Setting CVar [[r.PrecomputedVisibilityWarning:0]]
[2019.01.05-21.19.33:270][  0]LogConfig: Setting CVar [[r.TextureStreaming:1]]
[2019.01.05-21.19.33:271][  0]LogConfig: Setting CVar [[Compat.UseDXT5NormalMaps:0]]
[2019.01.05-21.19.33:271][  0]LogConfig: Setting CVar [[r.ClearCoatNormal:0]]
[2019.01.05-21.19.33:271][  0]LogConfig: Setting CVar [[r.ReflectionCaptureResolution:128]]
[2019.01.05-21.19.33:271][  0]LogConfig: Setting CVar [[r.ReflectionEnvironmentLightmapMixBasedOnRoughness:1]]
[2019.01.05-21.19.33:271][  0]LogConfig: Setting CVar [[r.ForwardShading:0]]
[2019.01.05-21.19.33:271][  0]LogConfig: Setting CVar [[r.VertexFoggingForOpaque:1]]
[2019.01.05-21.19.33:271][  0]LogConfig: Setting CVar [[r.AllowStaticLighting:1]]
[2019.01.05-21.19.33:271][  0]LogConfig: Setting CVar [[r.NormalMapsForStaticLighting:0]]
[2019.01.05-21.19.33:271][  0]LogConfig: Setting CVar [[r.GenerateMeshDistanceFields:0]]
[2019.01.05-21.19.33:271][  0]LogConfig: Setting CVar [[r.DistanceFieldBuild.EightBit:0]]
[2019.01.05-21.19.33:271][  0]LogConfig: Setting CVar [[r.GenerateLandscapeGIData:0]]
[2019.01.05-21.19.33:271][  0]LogConfig: Setting CVar [[r.DistanceFieldBuild.Compress:0]]
[2019.01.05-21.19.33:271][  0]LogConfig: Setting CVar [[r.TessellationAdaptivePixelsPerTriangle:48.000000]]
[2019.01.05-21.19.33:271][  0]LogConfig: Setting CVar [[r.SeparateTranslucency:1]]
[2019.01.05-21.19.33:271][  0]LogConfig: Setting CVar [[r.TranslucentSortPolicy:0]]
[2019.01.05-21.19.33:271][  0]LogConfig: Setting CVar [[r.CustomDepth:1]]
[2019.01.05-21.19.33:271][  0]LogConfig: Setting CVar [[r.CustomDepthTemporalAAJitter:1]]
[2019.01.05-21.19.33:271][  0]LogConfig: Setting CVar [[r.PostProcessing.PropagateAlpha:0]]
[2019.01.05-21.19.33:271][  0]LogConfig: Setting CVar [[r.DOF.Algorithm:1]]
[2019.01.05-21.19.33:271][  0]LogConfig: Setting CVar [[r.DefaultFeature.Bloom:1]]
[2019.01.05-21.19.33:271][  0]LogConfig: Setting CVar [[r.DefaultFeature.AmbientOcclusion:1]]
[2019.01.05-21.19.33:271][  0]LogConfig: Setting CVar [[r.DefaultFeature.AmbientOcclusionStaticFraction:1]]
[2019.01.05-21.19.33:271][  0]LogConfig: Setting CVar [[r.DefaultFeature.AutoExposure:1]]
[2019.01.05-21.19.33:271][  0]LogConfig: Setting CVar [[r.DefaultFeature.AutoExposure.Method:0]]
[2019.01.05-21.19.33:271][  0]LogConfig: Setting CVar [[r.DefaultFeature.AutoExposure.ExtendDefaultLuminanceRange:0]]
[2019.01.05-21.19.33:271][  0]LogConfig: Setting CVar [[r.UsePreExposure:0]]
[2019.01.05-21.19.33:271][  0]LogConfig: Setting CVar [[r.DefaultFeature.MotionBlur:1]]
[2019.01.05-21.19.33:271][  0]LogConfig: Setting CVar [[r.DefaultFeature.LensFlare:0]]
[2019.01.05-21.19.33:271][  0]LogConfig: Setting CVar [[r.TemporalAA.Upsampling:0]]
[2019.01.05-21.19.33:271][  0]LogConfig: Setting CVar [[r.DefaultFeature.AntiAliasing:2]]
[2019.01.05-21.19.33:271][  0]LogConfig: Setting CVar [[r.DefaultFeature.LightUnits:1]]
[2019.01.05-21.19.33:271][  0]LogConfig: Setting CVar [[r.DefaultBackBufferPixelFormat:4]]
[2019.01.05-21.19.33:271][  0]LogConfig: Setting CVar [[r.Shadow.UnbuiltPreviewInGame:1]]
[2019.01.05-21.19.33:271][  0]LogConfig: Setting CVar [[r.StencilForLODDither:0]]
[2019.01.05-21.19.33:271][  0]LogConfig: Setting CVar [[r.EarlyZPass:3]]
[2019.01.05-21.19.33:271][  0]LogConfig: Setting CVar [[r.EarlyZPassMovable:1]]
[2019.01.05-21.19.33:271][  0]LogConfig: Setting CVar [[r.EarlyZPassOnlyMaterialMasking:0]]
[2019.01.05-21.19.33:271][  0]LogConfig: Setting CVar [[r.DBuffer:1]]
[2019.01.05-21.19.33:271][  0]LogConfig: Setting CVar [[r.ClearSceneMethod:1]]
[2019.01.05-21.19.33:271][  0]LogConfig: Setting CVar [[r.BasePassOutputsVelocity:0]]
[2019.01.05-21.19.33:271][  0]LogConfig: Setting CVar [[r.SelectiveBasePassOutputs:0]]
[2019.01.05-21.19.33:271][  0]LogConfig: Setting CVar [[fx.GPUSimulationTextureSizeX:1024]]
[2019.01.05-21.19.33:271][  0]LogConfig: Setting CVar [[fx.GPUSimulationTextureSizeY:1024]]
[2019.01.05-21.19.33:271][  0]LogConfig: Setting CVar [[r.AllowGlobalClipPlane:0]]
[2019.01.05-21.19.33:271][  0]LogConfig: Setting CVar [[r.GBufferFormat:1]]
[2019.01.05-21.19.33:271][  0]LogConfig: Setting CVar [[r.MorphTarget.Mode:1]]
[2019.01.05-21.19.33:271][  0]LogConfig: Setting CVar [[vr.InstancedStereo:0]]
[2019.01.05-21.19.33:271][  0]LogConfig: Setting CVar [[vr.MultiView:0]]
[2019.01.05-21.19.33:271][  0]LogConfig: Setting CVar [[vr.MobileMultiView:0]]
[2019.01.05-21.19.33:271][  0]LogConfig: Setting CVar [[vr.MobileMultiView.Direct:0]]
[2019.01.05-21.19.33:271][  0]LogConfig: Setting CVar [[vr.MonoscopicFarField:0]]
[2019.01.05-21.19.33:271][  0]LogConfig: Setting CVar [[vr.RoundRobinOcclusion:0]]
[2019.01.05-21.19.33:271][  0]LogConfig: Setting CVar [[vr.ODSCapture:0]]
[2019.01.05-21.19.33:271][  0]LogConfig: Setting CVar [[r.WireframeCullThreshold:5.000000]]
[2019.01.05-21.19.33:271][  0]LogConfig: Setting CVar [[r.SupportStationarySkylight:1]]
[2019.01.05-21.19.33:271][  0]LogConfig: Setting CVar [[r.SupportLowQualityLightmaps:1]]
[2019.01.05-21.19.33:271][  0]LogConfig: Setting CVar [[r.SupportPointLightWholeSceneShadows:1]]
[2019.01.05-21.19.33:271][  0]LogConfig: Setting CVar [[r.SupportAtmosphericFog:1]]
[2019.01.05-21.19.33:271][  0]LogConfig: Setting CVar [[r.SkinCache.CompileShaders:0]]
[2019.01.05-21.19.33:271][  0]LogConfig: Setting CVar [[r.Mobile.EnableStaticAndCSMShadowReceivers:1]]
[2019.01.05-21.19.33:271][  0]LogConfig: Setting CVar [[r.Mobile.EnableMovableLightCSMShaderCulling:1]]
[2019.01.05-21.19.33:271][  0]LogConfig: Setting CVar [[r.Mobile.AllowDistanceFieldShadows:1]]
[2019.01.05-21.19.33:271][  0]LogConfig: Setting CVar [[r.Mobile.AllowMovableDirectionalLights:1]]
[2019.01.05-21.19.33:271][  0]LogConfig: Setting CVar [[r.MobileNumDynamicPointLights:4]]
[2019.01.05-21.19.33:271][  0]LogConfig: Setting CVar [[r.MobileDynamicPointLightsUseStaticBranch:1]]
[2019.01.05-21.19.33:271][  0]LogConfig: Setting CVar [[r.SkinCache.SceneMemoryLimitInMB:128.000000]]
[2019.01.05-21.19.33:271][  0]LogConfig: Setting CVar [[r.GPUSkin.Limit2BoneInfluences:0]]
[2019.01.05-21.19.33:271][  0]LogConfig: Setting CVar [[r.SupportDepthOnlyIndexBuffers:1]]
[2019.01.05-21.19.33:271][  0]LogConfig: Setting CVar [[r.SupportReversedIndexBuffers:1]]
[2019.01.05-21.19.33:271][  0]LogConfig: Setting CVar [[r.SupportMaterialLayers:0]]
[2019.01.05-21.19.33:271][  0]LogConfig: Applying CVar settings from Section [/Script/Engine.RendererOverrideSettings] File [C:/Users/Chris Yarbrough/Documents/Unreal Projects/beltbrothers/Saved/Config/Windows/Engine.ini]
[2019.01.05-21.19.33:271][  0]LogConfig: Applying CVar settings from Section [/Script/Engine.StreamingSettings] File [C:/Users/Chris Yarbrough/Documents/Unreal Projects/beltbrothers/Saved/Config/Windows/Engine.ini]
[2019.01.05-21.19.33:271][  0]LogConfig: Setting CVar [[s.MinBulkDataSizeForAsyncLoading:131072]]
[2019.01.05-21.19.33:271][  0]LogConfig: Setting CVar [[s.AsyncLoadingThreadEnabled:0]]
[2019.01.05-21.19.33:271][  0]LogConfig: Setting CVar [[s.EventDrivenLoaderEnabled:1]]
[2019.01.05-21.19.33:271][  0]LogConfig: Setting CVar [[s.WarnIfTimeLimitExceeded:0]]
[2019.01.05-21.19.33:271][  0]LogConfig: Setting CVar [[s.TimeLimitExceededMultiplier:1.5]]
[2019.01.05-21.19.33:271][  0]LogConfig: Setting CVar [[s.TimeLimitExceededMinTime:0.005]]
[2019.01.05-21.19.33:271][  0]LogConfig: Setting CVar [[s.UseBackgroundLevelStreaming:1]]
[2019.01.05-21.19.33:271][  0]LogConfig: Setting CVar [[s.PriorityAsyncLoadingExtraTime:15.0]]
[2019.01.05-21.19.33:271][  0]LogConfig: Setting CVar [[s.LevelStreamingActorsUpdateTimeLimit:5.0]]
[2019.01.05-21.19.33:271][  0]LogConfig: Setting CVar [[s.PriorityLevelStreamingActorsUpdateExtraTime:5.0]]
[2019.01.05-21.19.33:271][  0]LogConfig: Setting CVar [[s.LevelStreamingComponentsRegistrationGranularity:10]]
[2019.01.05-21.19.33:271][  0]LogConfig: Setting CVar [[s.UnregisterComponentsTimeLimit:1.0]]
[2019.01.05-21.19.33:271][  0]LogConfig: Setting CVar [[s.LevelStreamingComponentsUnregistrationGranularity:5]]
[2019.01.05-21.19.33:271][  0]LogConfig: Applying CVar settings from Section [/Script/Engine.GarbageCollectionSettings] File [C:/Users/Chris Yarbrough/Documents/Unreal Projects/beltbrothers/Saved/Config/Windows/Engine.ini]
[2019.01.05-21.19.33:271][  0]LogConfig: Setting CVar [[gc.MaxObjectsNotConsideredByGC:1]]
[2019.01.05-21.19.33:271][  0]LogConfig: Setting CVar [[gc.SizeOfPermanentObjectPool:0]]
[2019.01.05-21.19.33:271][  0]LogConfig: Setting CVar [[gc.FlushStreamingOnGC:0]]
[2019.01.05-21.19.33:271][  0]LogConfig: Setting CVar [[gc.NumRetriesBeforeForcingGC:10]]
[2019.01.05-21.19.33:271][  0]LogConfig: Setting CVar [[gc.AllowParallelGC:1]]
[2019.01.05-21.19.33:271][  0]LogConfig: Setting CVar [[gc.TimeBetweenPurgingPendingKillObjects:61.1]]
[2019.01.05-21.19.33:271][  0]LogConfig: Setting CVar [[gc.MaxObjectsInEditor:8388607]]
[2019.01.05-21.19.33:271][  0]LogConfig: Setting CVar [[gc.IncrementalBeginDestroyEnabled:1]]
[2019.01.05-21.19.33:271][  0]LogConfig: Setting CVar [[gc.CreateGCClusters:1]]
[2019.01.05-21.19.33:271][  0]LogConfig: Setting CVar [[gc.MergeGCClusters:0]]
[2019.01.05-21.19.33:271][  0]LogConfig: Setting CVar [[gc.MinGCClusterSize:5]]
[2019.01.05-21.19.33:271][  0]LogConfig: Setting CVar [[gc.ActorClusteringEnabled:0]]
[2019.01.05-21.19.33:271][  0]LogConfig: Setting CVar [[gc.BlueprintClusteringEnabled:0]]
[2019.01.05-21.19.33:271][  0]LogConfig: Setting CVar [[gc.UseDisregardForGCOnDedicatedServers:0]]
[2019.01.05-21.19.33:271][  0]LogConfig: Applying CVar settings from Section [/Script/Engine.NetworkSettings] File [C:/Users/Chris Yarbrough/Documents/Unreal Projects/beltbrothers/Saved/Config/Windows/Engine.ini]
[2019.01.05-21.19.33:271][  0]LogConfig: Applying CVar settings from Section [/Script/UnrealEd.CookerSettings] File [C:/Users/Chris Yarbrough/Documents/Unreal Projects/beltbrothers/Saved/Config/Windows/Engine.ini]
[2019.01.05-21.19.33:276][  0]LogConfig: Applying CVar settings from Section [ViewDistanceQuality@3] File [C:/Users/Chris Yarbrough/Documents/Unreal Projects/beltbrothers/Saved/Config/Windows/Scalability.ini]
[2019.01.05-21.19.33:276][  0]LogConfig: Setting CVar [[r.SkeletalMeshLODBias:0]]
[2019.01.05-21.19.33:276][  0]LogConfig: Setting CVar [[r.ViewDistanceScale:1.0]]
[2019.01.05-21.19.33:276][  0]LogConfig: Applying CVar settings from Section [AntiAliasingQuality@3] File [C:/Users/Chris Yarbrough/Documents/Unreal Projects/beltbrothers/Saved/Config/Windows/Scalability.ini]
[2019.01.05-21.19.33:276][  0]LogConfig: Setting CVar [[r.PostProcessAAQuality:4]]
[2019.01.05-21.19.33:276][  0]LogConfig: Applying CVar settings from Section [ShadowQuality@3] File [C:/Users/Chris Yarbrough/Documents/Unreal Projects/beltbrothers/Saved/Config/Windows/Scalability.ini]
[2019.01.05-21.19.33:276][  0]LogConfig: Setting CVar [[r.LightFunctionQuality:1]]
[2019.01.05-21.19.33:276][  0]LogConfig: Setting CVar [[r.ShadowQuality:5]]
[2019.01.05-21.19.33:276][  0]LogConfig: Setting CVar [[r.Shadow.CSM.MaxCascades:10]]
[2019.01.05-21.19.33:276][  0]LogConfig: Setting CVar [[r.Shadow.MaxResolution:2048]]
[2019.01.05-21.19.33:276][  0]LogConfig: Setting CVar [[r.Shadow.MaxCSMResolution:2048]]
[2019.01.05-21.19.33:276][  0]LogConfig: Setting CVar [[r.Shadow.RadiusThreshold:0.01]]
[2019.01.05-21.19.33:276][  0]LogConfig: Setting CVar [[r.Shadow.DistanceScale:1.0]]
[2019.01.05-21.19.33:276][  0]LogConfig: Setting CVar [[r.Shadow.CSM.TransitionScale:1.0]]
[2019.01.05-21.19.33:276][  0]LogConfig: Setting CVar [[r.Shadow.PreShadowResolutionFactor:1.0]]
[2019.01.05-21.19.33:276][  0]LogConfig: Setting CVar [[r.DistanceFieldShadowing:1]]
[2019.01.05-21.19.33:276][  0]LogConfig: Setting CVar [[r.DistanceFieldAO:1]]
[2019.01.05-21.19.33:276][  0]LogConfig: Setting CVar [[r.AOQuality:2]]
[2019.01.05-21.19.33:276][  0]LogConfig: Setting CVar [[r.VolumetricFog:1]]
[2019.01.05-21.19.33:276][  0]LogConfig: Setting CVar [[r.VolumetricFog.GridPixelSize:8]]
[2019.01.05-21.19.33:276][  0]LogConfig: Setting CVar [[r.VolumetricFog.GridSizeZ:128]]
[2019.01.05-21.19.33:276][  0]LogConfig: Setting CVar [[r.VolumetricFog.HistoryMissSupersampleCount:4]]
[2019.01.05-21.19.33:276][  0]LogConfig: Setting CVar [[r.LightMaxDrawDistanceScale:1]]
[2019.01.05-21.19.33:276][  0]LogConfig: Setting CVar [[r.CapsuleShadows:1]]
[2019.01.05-21.19.33:276][  0]LogConfig: Applying CVar settings from Section [PostProcessQuality@3] File [C:/Users/Chris Yarbrough/Documents/Unreal Projects/beltbrothers/Saved/Config/Windows/Scalability.ini]
[2019.01.05-21.19.33:276][  0]LogConfig: Setting CVar [[r.MotionBlurQuality:4]]
[2019.01.05-21.19.33:277][  0]LogConfig: Setting CVar [[r.AmbientOcclusionMipLevelFactor:0.4]]
[2019.01.05-21.19.33:277][  0]LogConfig: Setting CVar [[r.AmbientOcclusionMaxQuality:100]]
[2019.01.05-21.19.33:277][  0]LogConfig: Setting CVar [[r.AmbientOcclusionLevels:-1]]
[2019.01.05-21.19.33:277][  0]LogConfig: Setting CVar [[r.AmbientOcclusionRadiusScale:1.0]]
[2019.01.05-21.19.33:277][  0]LogConfig: Setting CVar [[r.DepthOfFieldQuality:2]]
[2019.01.05-21.19.33:277][  0]LogConfig: Setting CVar [[r.RenderTargetPoolMin:400]]
[2019.01.05-21.19.33:277][  0]LogConfig: Setting CVar [[r.LensFlareQuality:2]]
[2019.01.05-21.19.33:277][  0]LogConfig: Setting CVar [[r.SceneColorFringeQuality:1]]
[2019.01.05-21.19.33:277][  0]LogConfig: Setting CVar [[r.EyeAdaptationQuality:2]]
[2019.01.05-21.19.33:277][  0]LogConfig: Setting CVar [[r.BloomQuality:5]]
[2019.01.05-21.19.33:277][  0]LogConfig: Setting CVar [[r.FastBlurThreshold:100]]
[2019.01.05-21.19.33:277][  0]LogConfig: Setting CVar [[r.Upscale.Quality:3]]
[2019.01.05-21.19.33:277][  0]LogConfig: Setting CVar [[r.Tonemapper.GrainQuantization:1]]
[2019.01.05-21.19.33:277][  0]LogConfig: Setting CVar [[r.LightShaftQuality:1]]
[2019.01.05-21.19.33:277][  0]LogConfig: Setting CVar [[r.Filter.SizeScale:1]]
[2019.01.05-21.19.33:277][  0]LogConfig: Setting CVar [[r.Tonemapper.Quality:5]]
[2019.01.05-21.19.33:277][  0]LogConfig: Setting CVar [[r.DOF.Gather.AccumulatorQuality:1        ; higher gathering accumulator quality]]
[2019.01.05-21.19.33:277][  0]LogConfig: Setting CVar [[r.DOF.Gather.PostfilterMethod:1          ; Median3x3 postfilering method]]
[2019.01.05-21.19.33:277][  0]LogConfig: Setting CVar [[r.DOF.Gather.EnableBokehSettings:0       ; no bokeh simulation when gathering]]
[2019.01.05-21.19.33:277][  0]LogConfig: Setting CVar [[r.DOF.Gather.RingCount:4                 ; medium number of samples when gathering]]
[2019.01.05-21.19.33:277][  0]LogConfig: Setting CVar [[r.DOF.Scatter.ForegroundCompositing:1    ; additive foreground scattering]]
[2019.01.05-21.19.33:277][  0]LogConfig: Setting CVar [[r.DOF.Scatter.BackgroundCompositing:2    ; additive background scattering]]
[2019.01.05-21.19.33:277][  0]LogConfig: Setting CVar [[r.DOF.Scatter.EnableBokehSettings:1      ; bokeh simulation when scattering]]
[2019.01.05-21.19.33:277][  0]LogConfig: Setting CVar [[r.DOF.Scatter.MaxSpriteRatio:0.1         ; only a maximum of 10% of scattered bokeh]]
[2019.01.05-21.19.33:277][  0]LogConfig: Setting CVar [[r.DOF.Recombine.Quality:1                ; cheap slight out of focus]]
[2019.01.05-21.19.33:277][  0]LogConfig: Setting CVar [[r.DOF.Recombine.EnableBokehSettings:0    ; no bokeh simulation on slight out of focus]]
[2019.01.05-21.19.33:277][  0]LogConfig: Setting CVar [[r.DOF.TemporalAAQuality:1                ; more stable temporal accumulation]]
[2019.01.05-21.19.33:277][  0]LogConfig: Setting CVar [[r.DOF.Kernel.MaxForegroundRadius:0.025]]
[2019.01.05-21.19.33:277][  0]LogConfig: Setting CVar [[r.DOF.Kernel.MaxBackgroundRadius:0.025]]
[2019.01.05-21.19.33:277][  0]LogConfig: Applying CVar settings from Section [TextureQuality@3] File [C:/Users/Chris Yarbrough/Documents/Unreal Projects/beltbrothers/Saved/Config/Windows/Scalability.ini]
[2019.01.05-21.19.33:277][  0]LogConfig: Setting CVar [[r.Streaming.MipBias:0]]
[2019.01.05-21.19.33:277][  0]LogConfig: Setting CVar [[r.Streaming.AmortizeCPUToGPUCopy:0]]
[2019.01.05-21.19.33:277][  0]LogConfig: Setting CVar [[r.Streaming.MaxNumTexturesToStreamPerFrame:0]]
[2019.01.05-21.19.33:277][  0]LogConfig: Setting CVar [[r.Streaming.Boost:1]]
[2019.01.05-21.19.33:277][  0]LogConfig: Setting CVar [[r.MaxAnisotropy:8]]
[2019.01.05-21.19.33:277][  0]LogConfig: Setting CVar [[r.Streaming.LimitPoolSizeToVRAM:0]]
[2019.01.05-21.19.33:277][  0]LogConfig: Setting CVar [[r.Streaming.PoolSize:1000]]
[2019.01.05-21.19.33:277][  0]LogConfig: Setting CVar [[r.Streaming.MaxEffectiveScreenSize:0]]
[2019.01.05-21.19.33:277][  0]LogConfig: Applying CVar settings from Section [EffectsQuality@3] File [C:/Users/Chris Yarbrough/Documents/Unreal Projects/beltbrothers/Saved/Config/Windows/Scalability.ini]
[2019.01.05-21.19.33:277][  0]LogConfig: Setting CVar [[r.TranslucencyLightingVolumeDim:64]]
[2019.01.05-21.19.33:277][  0]LogConfig: Setting CVar [[r.RefractionQuality:2]]
[2019.01.05-21.19.33:277][  0]LogConfig: Setting CVar [[r.SSR.Quality:3]]
[2019.01.05-21.19.33:277][  0]LogConfig: Setting CVar [[r.SceneColorFormat:4]]
[2019.01.05-21.19.33:277][  0]LogConfig: Setting CVar [[r.DetailMode:2]]
[2019.01.05-21.19.33:277][  0]LogConfig: Setting CVar [[r.TranslucencyVolumeBlur:1]]
[2019.01.05-21.19.33:277][  0]LogConfig: Setting CVar [[r.MaterialQualityLevel:1 ; High quality]]
[2019.01.05-21.19.33:277][  0]LogConfig: Setting CVar [[r.SSS.Scale:1]]
[2019.01.05-21.19.33:277][  0]LogConfig: Setting CVar [[r.SSS.SampleSet:2]]
[2019.01.05-21.19.33:277][  0]LogConfig: Setting CVar [[r.SSS.Quality:1]]
[2019.01.05-21.19.33:277][  0]LogConfig: Setting CVar [[r.SSS.HalfRes:1]]
[2019.01.05-21.19.33:277][  0]LogConfig: Setting CVar [[r.EmitterSpawnRateScale:1.0]]
[2019.01.05-21.19.33:277][  0]LogConfig: Setting CVar [[r.ParticleLightQuality:2]]
[2019.01.05-21.19.33:277][  0]LogConfig: Applying CVar settings from Section [FoliageQuality@3] File [C:/Users/Chris Yarbrough/Documents/Unreal Projects/beltbrothers/Saved/Config/Windows/Scalability.ini]
[2019.01.05-21.19.33:277][  0]LogConfig: Setting CVar [[foliage.DensityScale:1.0]]
[2019.01.05-21.19.33:277][  0]LogConfig: Setting CVar [[grass.DensityScale:1.0]]
[2019.01.05-21.19.33:277][  0]LogInit: Selected Device Profile: [Windows]
[2019.01.05-21.19.33:277][  0]LogInit: Applying CVar settings loaded from the selected device profile: [Windows]
[2019.01.05-21.19.33:301][  0]LogHAL: Display: Platform has ~ 16 GB [17129910272 / 17179869184 / 16], which maps to Larger [LargestMinGB=32, LargerMinGB=12, DefaultMinGB=8, SmallerMinGB=6, SmallestMinGB=0)
[2019.01.05-21.19.33:301][  0]LogConfig: Setting CVar [[r.Vulkan.UseRealUBs:1]]
[2019.01.05-21.19.33:301][  0]LogInit: Going up to parent DeviceProfile []
[2019.01.05-21.19.33:301][  0]LogConfig: Applying CVar settings from Section [ViewDistanceQuality@3] File [C:/Users/Chris Yarbrough/Documents/Unreal Projects/beltbrothers/Saved/Config/Windows/Scalability.ini]
[2019.01.05-21.19.33:302][  0]LogConfig: Setting CVar [[r.SkeletalMeshLODBias:0]]
[2019.01.05-21.19.33:302][  0]LogConfig: Setting CVar [[r.ViewDistanceScale:1.0]]
[2019.01.05-21.19.33:302][  0]LogConfig: Applying CVar settings from Section [AntiAliasingQuality@3] File [C:/Users/Chris Yarbrough/Documents/Unreal Projects/beltbrothers/Saved/Config/Windows/Scalability.ini]
[2019.01.05-21.19.33:302][  0]LogConfig: Setting CVar [[r.PostProcessAAQuality:4]]
[2019.01.05-21.19.33:302][  0]LogConfig: Applying CVar settings from Section [ShadowQuality@3] File [C:/Users/Chris Yarbrough/Documents/Unreal Projects/beltbrothers/Saved/Config/Windows/Scalability.ini]
[2019.01.05-21.19.33:302][  0]LogConfig: Setting CVar [[r.LightFunctionQuality:1]]
[2019.01.05-21.19.33:302][  0]LogConfig: Setting CVar [[r.ShadowQuality:5]]
[2019.01.05-21.19.33:302][  0]LogConfig: Setting CVar [[r.Shadow.CSM.MaxCascades:10]]
[2019.01.05-21.19.33:302][  0]LogConfig: Setting CVar [[r.Shadow.MaxResolution:2048]]
[2019.01.05-21.19.33:302][  0]LogConfig: Setting CVar [[r.Shadow.MaxCSMResolution:2048]]
[2019.01.05-21.19.33:302][  0]LogConfig: Setting CVar [[r.Shadow.RadiusThreshold:0.01]]
[2019.01.05-21.19.33:302][  0]LogConfig: Setting CVar [[r.Shadow.DistanceScale:1.0]]
[2019.01.05-21.19.33:302][  0]LogConfig: Setting CVar [[r.Shadow.CSM.TransitionScale:1.0]]
[2019.01.05-21.19.33:302][  0]LogConfig: Setting CVar [[r.Shadow.PreShadowResolutionFactor:1.0]]
[2019.01.05-21.19.33:302][  0]LogConfig: Setting CVar [[r.DistanceFieldShadowing:1]]
[2019.01.05-21.19.33:302][  0]LogConfig: Setting CVar [[r.DistanceFieldAO:1]]
[2019.01.05-21.19.33:302][  0]LogConfig: Setting CVar [[r.AOQuality:2]]
[2019.01.05-21.19.33:302][  0]LogConfig: Setting CVar [[r.VolumetricFog:1]]
[2019.01.05-21.19.33:302][  0]LogConfig: Setting CVar [[r.VolumetricFog.GridPixelSize:8]]
[2019.01.05-21.19.33:302][  0]LogConfig: Setting CVar [[r.VolumetricFog.GridSizeZ:128]]
[2019.01.05-21.19.33:302][  0]LogConfig: Setting CVar [[r.VolumetricFog.HistoryMissSupersampleCount:4]]
[2019.01.05-21.19.33:302][  0]LogConfig: Setting CVar [[r.LightMaxDrawDistanceScale:1]]
[2019.01.05-21.19.33:302][  0]LogConfig: Setting CVar [[r.CapsuleShadows:1]]
[2019.01.05-21.19.33:302][  0]LogConfig: Applying CVar settings from Section [PostProcessQuality@3] File [C:/Users/Chris Yarbrough/Documents/Unreal Projects/beltbrothers/Saved/Config/Windows/Scalability.ini]
[2019.01.05-21.19.33:302][  0]LogConfig: Setting CVar [[r.MotionBlurQuality:4]]
[2019.01.05-21.19.33:302][  0]LogConfig: Setting CVar [[r.AmbientOcclusionMipLevelFactor:0.4]]
[2019.01.05-21.19.33:302][  0]LogConfig: Setting CVar [[r.AmbientOcclusionMaxQuality:100]]
[2019.01.05-21.19.33:302][  0]LogConfig: Setting CVar [[r.AmbientOcclusionLevels:-1]]
[2019.01.05-21.19.33:302][  0]LogConfig: Setting CVar [[r.AmbientOcclusionRadiusScale:1.0]]
[2019.01.05-21.19.33:302][  0]LogConfig: Setting CVar [[r.DepthOfFieldQuality:2]]
[2019.01.05-21.19.33:302][  0]LogConfig: Setting CVar [[r.RenderTargetPoolMin:400]]
[2019.01.05-21.19.33:302][  0]LogConfig: Setting CVar [[r.LensFlareQuality:2]]
[2019.01.05-21.19.33:302][  0]LogConfig: Setting CVar [[r.SceneColorFringeQuality:1]]
[2019.01.05-21.19.33:302][  0]LogConfig: Setting CVar [[r.EyeAdaptationQuality:2]]
[2019.01.05-21.19.33:302][  0]LogConfig: Setting CVar [[r.BloomQuality:5]]
[2019.01.05-21.19.33:302][  0]LogConfig: Setting CVar [[r.FastBlurThreshold:100]]
[2019.01.05-21.19.33:302][  0]LogConfig: Setting CVar [[r.Upscale.Quality:3]]
[2019.01.05-21.19.33:302][  0]LogConfig: Setting CVar [[r.Tonemapper.GrainQuantization:1]]
[2019.01.05-21.19.33:302][  0]LogConfig: Setting CVar [[r.LightShaftQuality:1]]
[2019.01.05-21.19.33:302][  0]LogConfig: Setting CVar [[r.Filter.SizeScale:1]]
[2019.01.05-21.19.33:302][  0]LogConfig: Setting CVar [[r.Tonemapper.Quality:5]]
[2019.01.05-21.19.33:302][  0]LogConfig: Setting CVar [[r.DOF.Gather.AccumulatorQuality:1        ; higher gathering accumulator quality]]
[2019.01.05-21.19.33:302][  0]LogConfig: Setting CVar [[r.DOF.Gather.PostfilterMethod:1          ; Median3x3 postfilering method]]
[2019.01.05-21.19.33:303][  0]LogConfig: Setting CVar [[r.DOF.Gather.EnableBokehSettings:0       ; no bokeh simulation when gathering]]
[2019.01.05-21.19.33:303][  0]LogConfig: Setting CVar [[r.DOF.Gather.RingCount:4                 ; medium number of samples when gathering]]
[2019.01.05-21.19.33:303][  0]LogConfig: Setting CVar [[r.DOF.Scatter.ForegroundCompositing:1    ; additive foreground scattering]]
[2019.01.05-21.19.33:303][  0]LogConfig: Setting CVar [[r.DOF.Scatter.BackgroundCompositing:2    ; additive background scattering]]
[2019.01.05-21.19.33:303][  0]LogConfig: Setting CVar [[r.DOF.Scatter.EnableBokehSettings:1      ; bokeh simulation when scattering]]
[2019.01.05-21.19.33:303][  0]LogConfig: Setting CVar [[r.DOF.Scatter.MaxSpriteRatio:0.1         ; only a maximum of 10% of scattered bokeh]]
[2019.01.05-21.19.33:303][  0]LogConfig: Setting CVar [[r.DOF.Recombine.Quality:1                ; cheap slight out of focus]]
[2019.01.05-21.19.33:303][  0]LogConfig: Setting CVar [[r.DOF.Recombine.EnableBokehSettings:0    ; no bokeh simulation on slight out of focus]]
[2019.01.05-21.19.33:303][  0]LogConfig: Setting CVar [[r.DOF.TemporalAAQuality:1                ; more stable temporal accumulation]]
[2019.01.05-21.19.33:303][  0]LogConfig: Setting CVar [[r.DOF.Kernel.MaxForegroundRadius:0.025]]
[2019.01.05-21.19.33:303][  0]LogConfig: Setting CVar [[r.DOF.Kernel.MaxBackgroundRadius:0.025]]
[2019.01.05-21.19.33:303][  0]LogConfig: Applying CVar settings from Section [TextureQuality@3] File [C:/Users/Chris Yarbrough/Documents/Unreal Projects/beltbrothers/Saved/Config/Windows/Scalability.ini]
[2019.01.05-21.19.33:303][  0]LogConfig: Setting CVar [[r.Streaming.MipBias:0]]
[2019.01.05-21.19.33:303][  0]LogConfig: Setting CVar [[r.Streaming.AmortizeCPUToGPUCopy:0]]
[2019.01.05-21.19.33:303][  0]LogConfig: Setting CVar [[r.Streaming.MaxNumTexturesToStreamPerFrame:0]]
[2019.01.05-21.19.33:303][  0]LogConfig: Setting CVar [[r.Streaming.Boost:1]]
[2019.01.05-21.19.33:303][  0]LogConfig: Setting CVar [[r.MaxAnisotropy:8]]
[2019.01.05-21.19.33:303][  0]LogConfig: Setting CVar [[r.Streaming.LimitPoolSizeToVRAM:0]]
[2019.01.05-21.19.33:303][  0]LogConfig: Setting CVar [[r.Streaming.PoolSize:1000]]
[2019.01.05-21.19.33:303][  0]LogConfig: Setting CVar [[r.Streaming.MaxEffectiveScreenSize:0]]
[2019.01.05-21.19.33:303][  0]LogConfig: Applying CVar settings from Section [EffectsQuality@3] File [C:/Users/Chris Yarbrough/Documents/Unreal Projects/beltbrothers/Saved/Config/Windows/Scalability.ini]
[2019.01.05-21.19.33:303][  0]LogConfig: Setting CVar [[r.TranslucencyLightingVolumeDim:64]]
[2019.01.05-21.19.33:303][  0]LogConfig: Setting CVar [[r.RefractionQuality:2]]
[2019.01.05-21.19.33:303][  0]LogConfig: Setting CVar [[r.SSR.Quality:3]]
[2019.01.05-21.19.33:303][  0]LogConfig: Setting CVar [[r.SceneColorFormat:4]]
[2019.01.05-21.19.33:303][  0]LogConfig: Setting CVar [[r.DetailMode:2]]
[2019.01.05-21.19.33:303][  0]LogConfig: Setting CVar [[r.TranslucencyVolumeBlur:1]]
[2019.01.05-21.19.33:303][  0]LogConfig: Setting CVar [[r.MaterialQualityLevel:1 ; High quality]]
[2019.01.05-21.19.33:303][  0]LogConfig: Setting CVar [[r.SSS.Scale:1]]
[2019.01.05-21.19.33:303][  0]LogConfig: Setting CVar [[r.SSS.SampleSet:2]]
[2019.01.05-21.19.33:303][  0]LogConfig: Setting CVar [[r.SSS.Quality:1]]
[2019.01.05-21.19.33:303][  0]LogConfig: Setting CVar [[r.SSS.HalfRes:1]]
[2019.01.05-21.19.33:303][  0]LogConfig: Setting CVar [[r.EmitterSpawnRateScale:1.0]]
[2019.01.05-21.19.33:303][  0]LogConfig: Setting CVar [[r.ParticleLightQuality:2]]
[2019.01.05-21.19.33:303][  0]LogConfig: Applying CVar settings from Section [FoliageQuality@3] File [C:/Users/Chris Yarbrough/Documents/Unreal Projects/beltbrothers/Saved/Config/Windows/Scalability.ini]
[2019.01.05-21.19.33:303][  0]LogConfig: Setting CVar [[foliage.DensityScale:1.0]]
[2019.01.05-21.19.33:303][  0]LogConfig: Setting CVar [[grass.DensityScale:1.0]]
[2019.01.05-21.19.33:303][  0]LogConfig: Applying CVar settings from Section [Startup] File [../../../Engine/Config/ConsoleVariables.ini]
[2019.01.05-21.19.33:304][  0]LogConfig: Setting CVar [[net.UseAdaptiveNetUpdateFrequency:0]]
[2019.01.05-21.19.33:304][  0]LogConfig: Applying CVar settings from Section [ConsoleVariables] File [C:/Users/Chris Yarbrough/Documents/Unreal Projects/beltbrothers/Saved/Config/Windows/Engine.ini]
[2019.01.05-21.19.33:304][  0]LogInit: Computer: DESKTOP-8LLUI4T
[2019.01.05-21.19.33:304][  0]LogInit: User: ChrisYarbrough
[2019.01.05-21.19.33:304][  0]LogInit: CPU Page size=4096, Cores=6
[2019.01.05-21.19.33:304][  0]LogInit: High frequency timer resolution =10.000000 MHz
[2019.01.05-21.19.33:304][  0]LogMemory: Memory total: Physical=16.0GB (16GB approx)
[2019.01.05-21.19.33:304][  0]LogMemory: Platform Memory Stats for Windows
[2019.01.05-21.19.33:304][  0]LogMemory: Process Physical Memory: 103.77 MB used, 103.78 MB peak
[2019.01.05-21.19.33:304][  0]LogMemory: Process Virtual Memory: 86.36 MB used, 86.36 MB peak
[2019.01.05-21.19.33:304][  0]LogMemory: Physical Memory: 6202.71 MB used,  10133.64 MB free, 16336.36 MB total
[2019.01.05-21.19.33:304][  0]LogMemory: Virtual Memory: 4662.24 MB used,  134213064.00 MB free, 134217728.00 MB total
[2019.01.05-21.19.33:319][  0]LogInit: Using OS detected language (en-US).
[2019.01.05-21.19.33:319][  0]LogInit: Using OS detected locale (en-US).
[2019.01.05-21.19.33:320][  0]LogTextLocalizationManager: No specific localization for 'en-US' exists, so the 'en' localization will be used.
[2019.01.05-21.19.33:705][  0]LogStreaming: Display: Took  0.386s to InitEngineTextLocalization.
[2019.01.05-21.19.33:705][  0]LogInit: Setting process to per monitor DPI aware
[2019.01.05-21.19.33:739][  0]LogSlate: New Slate User Created.  User Index 0, Is Virtual User: 0
[2019.01.05-21.19.33:739][  0]LogSlate: Slate User Registered.  User Index 0, Is Virtual User: 0
[2019.01.05-21.19.33:920][  0]LogHMD: Failed to initialize OpenVR with code 110
[2019.01.05-21.19.33:920][  0]LogD3D11RHI: D3D11 adapters:
[2019.01.05-21.19.33:992][  0]LogD3D11RHI:    0. 'NVIDIA GeForce GTX 1070' (Feature Level 11_0)
[2019.01.05-21.19.33:993][  0]LogD3D11RHI:       8088/0/8168 MB DedicatedVideo/DedicatedSystem/SharedSystem, Outputs:2, VendorId:0x10de
[2019.01.05-21.19.33:994][  0]LogD3D11RHI:    1. 'Microsoft Basic Render Driver' (Feature Level 11_0)
[2019.01.05-21.19.33:994][  0]LogD3D11RHI:       0/0/8168 MB DedicatedVideo/DedicatedSystem/SharedSystem, Outputs:0, VendorId:0x1414
[2019.01.05-21.19.33:994][  0]LogD3D11RHI: Chosen D3D11 Adapter: 0
[2019.01.05-21.19.34:001][  0]LogD3D11RHI: Creating new Direct3DDevice
[2019.01.05-21.19.34:001][  0]LogD3D11RHI:     GPU DeviceId: 0x1b81 (for the marketing name, search the web for "GPU Device Id")
[2019.01.05-21.19.34:001][  0]LogWindows: EnumDisplayDevices:
[2019.01.05-21.19.34:001][  0]LogWindows:    0. 'NVIDIA GeForce GTX 1070' (P:1 D:1)
[2019.01.05-21.19.34:001][  0]LogWindows:    1. 'NVIDIA GeForce GTX 1070' (P:0 D:1)
[2019.01.05-21.19.34:002][  0]LogWindows:    2. 'NVIDIA GeForce GTX 1070' (P:0 D:0)
[2019.01.05-21.19.34:002][  0]LogWindows:    3. 'NVIDIA GeForce GTX 1070' (P:0 D:0)
[2019.01.05-21.19.34:002][  0]LogWindows: DebugString: FoundDriverCount:4 
[2019.01.05-21.19.34:002][  0]LogD3D11RHI:     Adapter Name: NVIDIA GeForce GTX 1070
[2019.01.05-21.19.34:002][  0]LogD3D11RHI:   Driver Version: 417.35 (internal:25.21.14.1735, unified:417.35)
[2019.01.05-21.19.34:002][  0]LogD3D11RHI:      Driver Date: 12-11-2018
[2019.01.05-21.19.34:002][  0]LogRHI: Texture pool is 5661 MB (70% of 8088 MB)
[2019.01.05-21.19.34:048][  0]LogD3D11RHI: Async texture creation enabled
[2019.01.05-21.19.34:066][  0]LogD3D11RHI: GPU Timing Frequency: 1000.000000 (Debug: 2 2)
[2019.01.05-21.19.34:433][  0]LogTemp: Display: Loaded TP AllDesktopTargetPlatform
[2019.01.05-21.19.34:448][  0]LogTemp: Display: Loaded TP MacClientTargetPlatform
[2019.01.05-21.19.34:463][  0]LogTemp: Display: Loaded TP MacNoEditorTargetPlatform
[2019.01.05-21.19.34:480][  0]LogTemp: Display: Loaded TP MacServerTargetPlatform
[2019.01.05-21.19.34:495][  0]LogTemp: Display: Loaded TP MacTargetPlatform
[2019.01.05-21.19.34:509][  0]LogTemp: Display: Loaded TP WindowsClientTargetPlatform
[2019.01.05-21.19.34:524][  0]LogTemp: Display: Loaded TP WindowsNoEditorTargetPlatform
[2019.01.05-21.19.34:538][  0]LogTemp: Display: Loaded TP WindowsServerTargetPlatform
[2019.01.05-21.19.34:545][  0]LogTemp: Display: Loaded TP WindowsTargetPlatform
[2019.01.05-21.19.34:637][  0]LogTemp: Display: Loaded TP AndroidTargetPlatform
[2019.01.05-21.19.34:637][  0]LogTemp: Display: Loaded TP AndroidTargetPlatform
[2019.01.05-21.19.34:637][  0]LogTemp: Display: Loaded TP AndroidTargetPlatform
[2019.01.05-21.19.34:637][  0]LogTemp: Display: Loaded TP AndroidTargetPlatform
[2019.01.05-21.19.34:637][  0]LogTemp: Display: Loaded TP AndroidTargetPlatform
[2019.01.05-21.19.34:637][  0]LogTemp: Display: Loaded TP AndroidTargetPlatform
[2019.01.05-21.19.34:637][  0]LogTemp: Display: Loaded TP AndroidTargetPlatform
[2019.01.05-21.19.34:637][  0]LogTemp: Display: Loaded TP AndroidTargetPlatform
[2019.01.05-21.19.34:637][  0]LogTemp: Display: Loaded TP AndroidTargetPlatform
[2019.01.05-21.19.34:637][  0]LogTemp: Display: Loaded TP AndroidTargetPlatform
[2019.01.05-21.19.34:637][  0]LogTemp: Display: Loaded TP AndroidTargetPlatform
[2019.01.05-21.19.34:637][  0]LogTemp: Display: Loaded TP AndroidTargetPlatform
[2019.01.05-21.19.34:637][  0]LogTemp: Display: Loaded TP AndroidTargetPlatform
[2019.01.05-21.19.34:637][  0]LogTemp: Display: Loaded TP AndroidTargetPlatform
[2019.01.05-21.19.34:637][  0]LogTemp: Display: Loaded TP AndroidTargetPlatform
[2019.01.05-21.19.34:637][  0]LogTemp: Display: Loaded TP AndroidTargetPlatform
[2019.01.05-21.19.34:637][  0]LogTemp: Display: Loaded TP AndroidTargetPlatform
[2019.01.05-21.19.34:637][  0]LogTemp: Display: Loaded TP AndroidTargetPlatform
[2019.01.05-21.19.34:639][  0]LogTemp: Display: Loaded TP HTML5TargetPlatform
[2019.01.05-21.19.34:720][  0]LogTemp: Display: Loaded TP IOSTargetPlatform
[2019.01.05-21.19.34:720][  0]LogTemp: Display: Loaded TP IOSTargetPlatform
[2019.01.05-21.19.34:760][  0]LogTemp: Display: Loaded TP TVOSTargetPlatform
[2019.01.05-21.19.34:760][  0]LogTemp: Display: Loaded TP TVOSTargetPlatform
[2019.01.05-21.19.34:773][  0]LogTemp: Display: Loaded TP LinuxClientTargetPlatform
[2019.01.05-21.19.34:786][  0]LogTemp: Display: Loaded TP LinuxNoEditorTargetPlatform
[2019.01.05-21.19.34:799][  0]LogTemp: Display: Loaded TP LinuxServerTargetPlatform
[2019.01.05-21.19.34:813][  0]LogTemp: Display: Loaded TP LinuxTargetPlatform
[2019.01.05-21.19.34:861][  0]LogTemp: Display: Loaded TP LuminTargetPlatform
[2019.01.05-21.19.34:861][  0]LogTemp: Display: Loaded TP LuminTargetPlatform
[2019.01.05-21.19.34:861][  0]LogTargetPlatformManager: Display: Building Assets For Windows
[2019.01.05-21.19.34:909][  0]LogShaderCompilers: Guid format shader working directory is -23 characters bigger than the processId version (../../../../../../Users/Chris Yarbrough/Documents/Unreal Projects/beltbrothers/Intermediate/Shaders/WorkingDirectory/10344/).
[2019.01.05-21.19.34:909][  0]LogShaderCompilers: Cleaned the shader compiler working directory 'C:/Users/Chris Yarbrough/AppData/Local/Temp/UnrealShaderWorkingDir/CC3CAA294F0D177C182C19971958C966/'.
[2019.01.05-21.19.34:911][  0]LogXGEController: Cannot use XGE Controller as Incredibuild is not installed on this machine.
[2019.01.05-21.19.34:911][  0]LogShaderCompilers: Cannot use XGE Shader Compiler as Incredibuild is not installed on this machine.
[2019.01.05-21.19.34:911][  0]LogShaderCompilers: Display: Using Local Shader Compiler.
[2019.01.05-21.19.35:441][  0]LogDerivedDataCache: Display: Max Cache Size: 512 MB
[2019.01.05-21.19.35:493][  0]LogDerivedDataCache: Loaded boot cache 0.05s 86MB C:/Users/Chris Yarbrough/AppData/Local/UnrealEngine/4.21/DerivedDataCache/Boot.ddc.
[2019.01.05-21.19.35:493][  0]LogDerivedDataCache: Display: Loaded Boot cache: C:/Users/Chris Yarbrough/AppData/Local/UnrealEngine/4.21/DerivedDataCache/Boot.ddc
[2019.01.05-21.19.35:493][  0]LogDerivedDataCache: FDerivedDataBackendGraph:  Pak pak cache file ../../../../../../Users/Chris Yarbrough/Documents/Unreal Projects/beltbrothers/DerivedDataCache/DDC.ddp not found, will not use a pak cache.
[2019.01.05-21.19.35:493][  0]LogDerivedDataCache: Unable to find inner node Pak for hierarchical cache Hierarchy.
[2019.01.05-21.19.35:493][  0]LogDerivedDataCache: FDerivedDataBackendGraph:  CompressedPak pak cache file ../../../../../../Users/Chris Yarbrough/Documents/Unreal Projects/beltbrothers/DerivedDataCache/Compressed.ddp not found, will not use a pak cache.
[2019.01.05-21.19.35:493][  0]LogDerivedDataCache: Unable to find inner node CompressedPak for hierarchical cache Hierarchy.
[2019.01.05-21.19.35:507][  0]LogDerivedDataCache: Display: Pak cache opened for reading ../../../Engine/DerivedDataCache/Compressed.ddp.
[2019.01.05-21.19.35:507][  0]LogDerivedDataCache: FDerivedDataBackendGraph:  EnterprisePak pak cache file ../../../Enterprise/DerivedDataCache/Compressed.ddp not found, will not use a pak cache.
[2019.01.05-21.19.35:507][  0]LogDerivedDataCache: Unable to find inner node EnterprisePak for hierarchical cache Hierarchy.
[2019.01.05-21.19.35:519][  0]LogDerivedDataCache: Using Local data cache path C:/Users/Chris Yarbrough/AppData/Local/UnrealEngine/Common/DerivedDataCache: Writable
[2019.01.05-21.19.35:519][  0]LogDerivedDataCache: Shared data cache path not found in *engine.ini, will not use an Shared cache.
[2019.01.05-21.19.35:519][  0]LogDerivedDataCache: Unable to find inner node Shared for hierarchical cache Hierarchy.
[2019.01.05-21.19.35:541][  0]LogMaterial: Verifying Global Shaders for PCD3D_SM5
[2019.01.05-21.19.35:543][  0]LogSlate: Using FreeType 2.6.0
[2019.01.05-21.19.35:544][  0]LogSlate: SlateFontServices - WITH_FREETYPE: 1, WITH_HARFBUZZ: 1
[2019.01.05-21.19.35:632][  0]LogAssetRegistry: FAssetRegistry took 0.0346 seconds to start up
[2019.01.05-21.19.35:978][  0]LogInit: Selected Device Profile: [Windows]
[2019.01.05-21.19.36:120][  0]LogSimplygon: Simplygon DLL not present - disabling.
[2019.01.05-21.19.36:123][  0]LogMeshReduction: Using SimplygonSwarm for distributed automatic mesh merging
[2019.01.05-21.19.36:123][  0]LogMeshReduction: Using ProxyLODMeshReduction for automatic mesh merging
[2019.01.05-21.19.36:123][  0]LogMeshReduction: Using QuadricMeshReduction for automatic static mesh reduction
[2019.01.05-21.19.36:123][  0]LogMeshReduction: No automatic skeletal mesh reduction module available
[2019.01.05-21.19.36:137][  0]LogNetVersion: beltbrothers 1.0.0, NetCL: 4541578, EngineNetVer: 5, GameNetVer: 0 (Checksum: 340660797)
[2019.01.05-21.19.36:679][  0]LogPackageLocalizationCache: Processed 11 localized package path(s) for 2 prioritized culture(s) in 0.105966 seconds
[2019.01.05-21.19.36:686][  0]LogUObjectArray: 39775 objects as part of root set at end of initial load.
[2019.01.05-21.19.36:686][  0]LogUObjectAllocator: 6914664 out of 0 bytes used by permanent object pool.
[2019.01.05-21.19.36:686][  0]LogUObjectArray: CloseDisregardForGC: 0/0 objects in disregard for GC pool
[2019.01.05-21.19.37:477][  0]LogTcpMessaging: Initializing TcpMessaging bridge
[2019.01.05-21.19.37:491][  0]LogUdpMessaging: Initializing bridge on interface 0.0.0.0:0 to multicast group 230.0.0.1:6666.
[2019.01.05-21.19.38:163][  0]SourceControl: Source control is disabled
[2019.01.05-21.19.38:163][  0]SourceControl: Source control is disabled
[2019.01.05-21.19.38:164][  0]SourceControl: Source control is disabled
[2019.01.05-21.19.38:165][  0]SourceControl: Source control is disabled
[2019.01.05-21.19.38:320][  0]LogAndroidPermission: UAndroidPermissionCallbackProxy::GetInstance
[2019.01.05-21.19.38:408][  0]LogOcInput: OculusInput pre-init called
[2019.01.05-21.19.38:552][  0]LogEngine: Initializing Engine...
[2019.01.05-21.19.38:553][  0]LogHMD: Failed to initialize OpenVR with code 110
[2019.01.05-21.19.38:555][  0]LogStats: UGameplayTagsManager::ConstructGameplayTagTree: ImportINI prefixes -  0.000 s
[2019.01.05-21.19.38:555][  0]LogStats: UGameplayTagsManager::ConstructGameplayTagTree: Construct from data asset -  0.000 s
[2019.01.05-21.19.38:555][  0]LogStats: UGameplayTagsManager::ConstructGameplayTagTree: ImportINI -  0.000 s
[2019.01.05-21.19.38:555][  0]LogStats: UGameplayTagsManager::ConstructGameplayTagTree: GameplayTagTreeChangedEvent.Broadcast -  0.000 s
[2019.01.05-21.19.38:812][  0]LogInit: Initializing FReadOnlyCVARCache
[2019.01.05-21.19.38:824][  0]LogAIModule: Creating AISystem for world Untitled
[2019.01.05-21.19.38:895][  0]LogInit: XAudio2 using 'Headphones (SteelSeries Arctis 7 Game)' : 2 channels at 44.1 kHz using 16 bits per sample (channel mask 0x3)
[2019.01.05-21.19.38:924][  0]LogInit: FAudioDevice initialized.
[2019.01.05-21.19.38:924][  0]LogNetVersion: Set ProjectVersion to 1.0.0.0. Version Checksum will be recalculated on next use.
[2019.01.05-21.19.39:009][  0]LogDerivedDataCache: Saved boot cache 0.08s 71MB C:/Users/Chris Yarbrough/AppData/Local/UnrealEngine/4.21/DerivedDataCache/Boot.ddc.
[2019.01.05-21.19.39:017][  0]LogInit: Texture streaming: Enabled
[2019.01.05-21.19.39:032][  0]LogEngineSessionManager: EngineSessionManager initialized
[2019.01.05-21.19.39:048][  0]LogInit: Transaction tracking system initialized
[2019.01.05-21.19.39:067][  0]BlueprintLog: New page: Editor Load
[2019.01.05-21.19.39:131][  0]LocalizationService: Localization service is disabled
[2019.01.05-21.19.39:606][  0]LogFileCache: Scanning file cache for directory 'C:/Users/Chris Yarbrough/Documents/Unreal Projects/beltbrothers/Content/' took 0.02s
[2019.01.05-21.19.39:606][  0]LogCook: Display: Max memory allowance for cook 16384mb min free memory 0mb
[2019.01.05-21.19.39:606][  0]LogCook: Display: Mobile HDR setting 1
[2019.01.05-21.19.39:606][  0]LogGameplayTags: Display: UGameplayTagsManager::DoneAddingNativeTags. DelegateIsBound: 0
[2019.01.05-21.19.39:606][  0]LogStats: UGameplayTagsManager::ConstructGameplayTagTree: ImportINI prefixes -  0.000 s
[2019.01.05-21.19.39:606][  0]LogStats: UGameplayTagsManager::ConstructGameplayTagTree: Construct from data asset -  0.000 s
[2019.01.05-21.19.39:606][  0]LogStats: UGameplayTagsManager::ConstructGameplayTagTree: ImportINI -  0.000 s
[2019.01.05-21.19.39:606][  0]LogStats: UGameplayTagsManager::ConstructGameplayTagTree: GameplayTagTreeChangedEvent.Broadcast -  0.000 s
[2019.01.05-21.19.39:722][  0]SourceControl: Source control is disabled
[2019.01.05-21.19.39:722][  0]Cmd: MAP LOAD FILE="../../../../../../Users/Chris Yarbrough/Documents/Unreal Projects/beltbrothers/Content/2DSideScrollerBP/Maps/2DSideScrollerExampleMap.umap" TEMPLATE=0 SHOWPROGRESS=1 FEATURELEVEL=3
[2019.01.05-21.19.39:723][  0]LightingResults: New page: Lighting Build
[2019.01.05-21.19.39:725][  0]MapCheck: New page: Map Check
[2019.01.05-21.19.39:725][  0]LightingResults: New page: Lighting Build
[2019.01.05-21.19.40:410][  0]LogAIModule: Creating AISystem for world 2DSideScrollerExampleMap
[2019.01.05-21.19.40:419][  0]LogEditorServer: Finished looking for orphan Actors (0.000 secs)
[2019.01.05-21.19.40:450][  0]Cmd: MAP CHECKDEP NOCLEARLOG
[2019.01.05-21.19.40:450][  0]MapCheck: Map check complete: 0 Error(s), 0 Warning(s), took 0.157ms to complete.
[2019.01.05-21.19.40:450][  0]LogFileHelpers: Loading map '2DSideScrollerExampleMap' took 0.728
[2019.01.05-21.19.40:599][  0]LogSlate: Updating window title bar state: overlay mode, drag disabled, window buttons hidden, title bar hidden
[2019.01.05-21.19.40:613][  0]LogSlate: Updating window title bar state: overlay mode, drag disabled, window buttons hidden, title bar hidden
[2019.01.05-21.19.40:624][  0]LogSlate: Updating window title bar state: overlay mode, drag disabled, window buttons hidden, title bar hidden
[2019.01.05-21.19.40:633][  0]LogSlate: Updating window title bar state: overlay mode, drag disabled, window buttons hidden, title bar hidden
[2019.01.05-21.19.40:651][  0]LogCollectionManager: Loaded 0 collections in 0.002458 seconds
[2019.01.05-21.19.40:694][  0]LogFileCache: Scanning file cache for directory 'C:/Users/Chris Yarbrough/Documents/Unreal Projects/beltbrothers/Saved/Collections/' took 0.01s
[2019.01.05-21.19.40:694][  0]LogFileCache: Scanning file cache for directory 'C:/Users/Chris Yarbrough/Documents/Unreal Projects/beltbrothers/Content/Developers/ChrisYarbrough/Collections/' took 0.01s
[2019.01.05-21.19.40:694][  0]LogFileCache: Scanning file cache for directory 'C:/Users/Chris Yarbrough/Documents/Unreal Projects/beltbrothers/Content/Collections/' took 0.00s
[2019.01.05-21.19.40:694][  0]LogCollectionManager: Rebuilt the GUID cache for 0 collections in 0.000000 seconds
[2019.01.05-21.19.40:712][  0]LogContentBrowser: Native class hierarchy populated in 0.0165 seconds. Added 2651 classes and 620 folders.
[2019.01.05-21.19.40:730][  0]LogContentBrowser: Native class hierarchy updated for 'WidgetCarousel' in 0.0022 seconds. Added 0 classes and 0 folders.
[2019.01.05-21.19.40:741][  0]LogPakFile: Registered encryption key '00000000000000000000000000000000': 0 pak files mounted, 0 remain pending
[2019.01.05-21.19.40:770][  0]LogPakFile: Registered encryption key '00000000000000000000000000000000': 0 pak files mounted, 0 remain pending
[2019.01.05-21.19.40:801][  0]LogPakFile: Registered encryption key '00000000000000000000000000000000': 0 pak files mounted, 0 remain pending
[2019.01.05-21.19.40:807][  0]LogPakFile: Registered encryption key '00000000000000000000000000000000': 0 pak files mounted, 0 remain pending
[2019.01.05-21.19.40:811][  0]LogPakFile: Registered encryption key '00000000000000000000000000000000': 0 pak files mounted, 0 remain pending
[2019.01.05-21.19.40:816][  0]LogPakFile: Registered encryption key '00000000000000000000000000000000': 0 pak files mounted, 0 remain pending
[2019.01.05-21.19.40:821][  0]LogPakFile: Registered encryption key '00000000000000000000000000000000': 0 pak files mounted, 0 remain pending
[2019.01.05-21.19.40:828][  0]LogPakFile: Registered encryption key '00000000000000000000000000000000': 0 pak files mounted, 0 remain pending
[2019.01.05-21.19.40:833][  0]LogPakFile: Registered encryption key '00000000000000000000000000000000': 0 pak files mounted, 0 remain pending
[2019.01.05-21.19.40:839][  0]LogPakFile: Registered encryption key '00000000000000000000000000000000': 0 pak files mounted, 0 remain pending
[2019.01.05-21.19.40:844][  0]LogPakFile: Registered encryption key '00000000000000000000000000000000': 0 pak files mounted, 0 remain pending
[2019.01.05-21.19.40:848][  0]LogPakFile: Registered encryption key '00000000000000000000000000000000': 0 pak files mounted, 0 remain pending
[2019.01.05-21.19.40:854][  0]LogPakFile: Registered encryption key '00000000000000000000000000000000': 0 pak files mounted, 0 remain pending
[2019.01.05-21.19.40:861][  0]LogPakFile: Registered encryption key '00000000000000000000000000000000': 0 pak files mounted, 0 remain pending
[2019.01.05-21.19.40:866][  0]LogPakFile: Registered encryption key '00000000000000000000000000000000': 0 pak files mounted, 0 remain pending
[2019.01.05-21.19.40:871][  0]LogPakFile: Registered encryption key '00000000000000000000000000000000': 0 pak files mounted, 0 remain pending
[2019.01.05-21.19.40:905][  0]LogPakFile: Registered encryption key '00000000000000000000000000000000': 0 pak files mounted, 0 remain pending
[2019.01.05-21.19.40:911][  0]LogPakFile: Registered encryption key '00000000000000000000000000000000': 0 pak files mounted, 0 remain pending
[2019.01.05-21.19.40:916][  0]LogPakFile: Registered encryption key '00000000000000000000000000000000': 0 pak files mounted, 0 remain pending
[2019.01.05-21.19.40:920][  0]LogPakFile: Registered encryption key '00000000000000000000000000000000': 0 pak files mounted, 0 remain pending
[2019.01.05-21.19.40:977][  0]LogPakFile: Registered encryption key '00000000000000000000000000000000': 0 pak files mounted, 0 remain pending
[2019.01.05-21.19.40:982][  0]LogPakFile: Registered encryption key '00000000000000000000000000000000': 0 pak files mounted, 0 remain pending
[2019.01.05-21.19.40:987][  0]LogPakFile: Registered encryption key '00000000000000000000000000000000': 0 pak files mounted, 0 remain pending
[2019.01.05-21.19.40:992][  0]LogPakFile: Registered encryption key '00000000000000000000000000000000': 0 pak files mounted, 0 remain pending
[2019.01.05-21.19.40:997][  0]LogPakFile: Registered encryption key '00000000000000000000000000000000': 0 pak files mounted, 0 remain pending
[2019.01.05-21.19.41:005][  0]LogPakFile: Registered encryption key '00000000000000000000000000000000': 0 pak files mounted, 0 remain pending
[2019.01.05-21.19.41:155][  0]LogContentBrowser: Native class hierarchy updated for 'AddContentDialog' in 0.0013 seconds. Added 0 classes and 0 folders.
[2019.01.05-21.19.41:167][  0]LogContentBrowser: Native class hierarchy updated for 'SceneOutliner' in 0.0021 seconds. Added 1 classes and 2 folders.
[2019.01.05-21.19.41:221][  0]LogSlate: Took 0.000182 seconds to synchronously load lazily loaded font '../../../Engine/Content/Slate/Fonts/Roboto-Regular.ttf' (155K)
[2019.01.05-21.19.41:224][  0]LogSlate: Took 0.000239 seconds to synchronously load lazily loaded font '../../../Engine/Content/Slate/Fonts/Roboto-Bold.ttf' (160K)
[2019.01.05-21.19.41:238][  0]LogSlate: Took 0.005888 seconds to synchronously load lazily loaded font '../../../Engine/Content/Editor/Slate/Fonts/FontAwesome.ttf' (139K)
[2019.01.05-21.19.41:386][  0]LogRenderer: Reallocating scene render targets to support 1208x576 Format 10 NumSamples 1 (Frame:1).
[2019.01.05-21.19.41:558][  0]LogContentBrowser: Native class hierarchy updated for 'HierarchicalLODOutliner' in 0.0018 seconds. Added 0 classes and 0 folders.
[2019.01.05-21.19.41:558][  0]LogLoad: (Engine Initialization) Total time: 10.11 seconds
[2019.01.05-21.19.41:558][  0]LogLoad: (Engine Initialization) Total Blueprint compile time: 0.00 seconds
[2019.01.05-21.19.41:621][  0]LogContentStreaming: Texture pool size now 1000 MB
[2019.01.05-21.19.41:662][  0]LogSlate: Took 0.004753 seconds to synchronously load lazily loaded font '../../../Engine/Content/Slate/Fonts/Roboto-Light.ttf' (167K)
[2019.01.05-21.19.41:698][  1]LogAssetRegistry: Asset discovery search completed in 6.0886 seconds
[2019.01.05-21.19.41:700][  1]LogCollectionManager: Rebuilt the object cache for 0 collections in 0.000000 seconds (found 0 objects)
[2019.01.05-21.19.41:700][  1]LogCollectionManager: Fixed up redirectors for 0 collections in 0.000063 seconds (updated 0 objects)
[2019.01.05-21.19.45:423][ 12]LogInit: XAudio2 using 'Speakers (High Definition Audio Device)' : 2 channels at 48 kHz using 16 bits per sample (channel mask 0x3)
[2019.01.05-21.39.15:934][710]LogSlate: FSceneViewport::OnFocusLost() reason 0
